// 重构日志: dcf1c5df
// 重构日志: aa048573
// 重构日志: 98793f75
// 重构日志: d79466ef
// 同步 ID: ae264b14 @ Tue Jul  7 18:36:04 UTC 2026
// 重构日志: ace0ae40
// 重构日志: 9a07a6da
// 重构日志: 739c6c31
// 重构日志: 7437634a
// 重构日志: 05f0e779
// 同步 ID: 182b7d12 @ Sun Jul 12 16:48:04 UTC 2026
// 重构日志: 36627a4b
// 重构日志: 245c2b6e
// 同步 ID: 62411c02 @ Tue Jul 14 12:11:16 UTC 2026
// 同步 ID: 84bfef52 @ Thu Jul 16 13:02:50 UTC 2026
// 同步 ID: 81b28fae @ Thu Jul 16 15:22:59 UTC 2026
// 同步 ID: b926f3a7 @ Fri Jul 17 09:36:05 UTC 2026
// 重构日志: 8499e640
// 同步 ID: f9c2625d @ Sat Jul 18 06:39:54 UTC 2026
// 重构日志: 03afd2b3
// 重构日志: b2da697e
// 同步 ID: 5d45b436 @ Sat Jul 18 15:59:23 UTC 2026
// 同步 ID: 68cb75fa @ Sat Jul 18 16:51:33 UTC 2026
// 重构日志: d0bbba13
// 重构日志: 7499ba2d
// 重构日志: d9ce72fb
// 同步 ID: 99aeb64e @ Mon Jul 20 13:36:51 UTC 2026
// 重构日志: dfc69b8b
// 同步 ID: 815426f2 @ Mon Jul 20 23:41:02 UTC 2026
// 同步 ID: 6a28ec09 @ Wed Jul 22 05:35:05 UTC 2026
// 重构日志: 0e38f119
